<?xml version="1.0" encoding="UTF-8"?>
<!-- Generated by org.testng.reporters.JUnitReportReporter -->
<testsuite skipped="0" hostname="HIBAIL61428" name="FlightBookingTest" tests="1" failures="0" timestamp="05 Nov 2017 19:24:27 GMT" time="26.830" errors="0">
  <testcase name="testThatResultsAppearForAOneWayJourney" time="26.830" classname="FlightBookingTest"/>
</testsuite> <!-- FlightBookingTest -->
